<?xml version="1.0" encoding="UTF-8"?>
<!-- Generated by org.testng.reporters.JUnitXMLReporter -->
<testsuite ignored="8" hostname="DESKTOP-1SSOFLA" failures="1" tests="12" name="Qtrip UI Test" time="275.373" errors="0" timestamp="2024-04-14T12:35:43 IST">
  <testcase classname="qtriptest.tests.testCase_01" name="TestCase01" time="14.56"/>
  <testcase classname="qtriptest.tests.testCase_01" name="TestCase01" time="6.575"/>
  <testcase classname="qtriptest.tests.testCase_01" name="TestCase01" time="5.208"/>
  <testcase classname="qtriptest.tests.testCase_02" name="TestCase02" time="2.576"/>
  <testcase classname="qtriptest.tests.testCase_02" name="TestCase02" time="8.308"/>
  <testcase classname="qtriptest.tests.testCase_02" name="TestCase02" time="5.247"/>
  <testcase classname="qtriptest.tests.testCase_03" name="TestCase03" time="38.151"/>
  <testcase classname="qtriptest.tests.testCase_03" name="TestCase03" time="37.079"/>
  <testcase classname="qtriptest.tests.testCase_03" name="TestCase03" time="32.123"/>
  <testcase classname="qtriptest.tests.testCase_04" name="TestCase04" time="35.482"/>
  <testcase classname="qtriptest.tests.testCase_04" name="TestCase04" time="34.306"/>
  <testcase classname="qtriptest.tests.testCase_04" name="TestCase04" time="47.773">
    <failure type="org.openqa.selenium.TimeoutException" message="Expected condition failed: waiting for visibility of [[ChromeDriver: chrome on windows (459a327f717a8485ac1a5753044a24fd)] -&amp;gt; css selector: [name=name]] (tried for 15 second(s) with 500 milliseconds interval)
Build info: version: &amp;apos;4.15.0&amp;apos;, revision: &amp;apos;1d14b5521b&amp;apos;
System info: os.name: &amp;apos;Windows 10&amp;apos;, os.arch: &amp;apos;amd64&amp;apos;, os.version: &amp;apos;10.0&amp;apos;, java.version: &amp;apos;21.0.1&amp;apos;
Driver info: org.openqa.selenium.chrome.ChromeDriver
Capabilities {acceptInsecureCerts: false, browserName: chrome, browserVersion: 123.0.6312.122, chrome: {chromedriverVersion: 123.0.6312.122 (31f8248cdd9..., userDataDir: C:\Users\DELL\AppData\Local...}, fedcm:accounts: true, goog:chromeOptions: {debuggerAddress: localhost:50374}, networkConnectionEnabled: false, pageLoadStrategy: normal, platformName: windows, proxy: Proxy(), se:cdp: ws://localhost:50374/devtoo..., se:cdpVersion: 123.0.6312.122, setWindowRect: true, strictFileInteractability: false, timeouts: {implicit: 0, pageLoad: 300000, script: 30000}, unhandledPromptBehavior: dismiss and notify, webauthn:extension:credBlob: true, webauthn:extension:largeBlob: true, webauthn:extension:minPinLength: true, webauthn:extension:prf: true, webauthn:virtualAuthenticators: true}
Session ID: 459a327f717a8485ac1a5753044a24fd">
      <![CDATA[org.openqa.selenium.TimeoutException: Expected condition failed: waiting for visibility of [[ChromeDriver: chrome on windows (459a327f717a8485ac1a5753044a24fd)] -> css selector: [name=name]] (tried for 15 second(s) with 500 milliseconds interval)
Build info: version: '4.15.0', revision: '1d14b5521b'
System info: os.name: 'Windows 10', os.arch: 'amd64', os.version: '10.0', java.version: '21.0.1'
Driver info: org.openqa.selenium.chrome.ChromeDriver
Capabilities {acceptInsecureCerts: false, browserName: chrome, browserVersion: 123.0.6312.122, chrome: {chromedriverVersion: 123.0.6312.122 (31f8248cdd9..., userDataDir: C:\Users\DELL\AppData\Local...}, fedcm:accounts: true, goog:chromeOptions: {debuggerAddress: localhost:50374}, networkConnectionEnabled: false, pageLoadStrategy: normal, platformName: windows, proxy: Proxy(), se:cdp: ws://localhost:50374/devtoo..., se:cdpVersion: 123.0.6312.122, setWindowRect: true, strictFileInteractability: false, timeouts: {implicit: 0, pageLoad: 300000, script: 30000}, unhandledPromptBehavior: dismiss and notify, webauthn:extension:credBlob: true, webauthn:extension:largeBlob: true, webauthn:extension:minPinLength: true, webauthn:extension:prf: true, webauthn:virtualAuthenticators: true}
Session ID: 459a327f717a8485ac1a5753044a24fd
at org.openqa.selenium.support.ui.WebDriverWait.timeoutException(WebDriverWait.java:84)
at org.openqa.selenium.support.ui.FluentWait.until(FluentWait.java:229)
at qtriptest.pages.AdventureDetailsPage.setName(AdventureDetailsPage.java:51)
at qtriptest.tests.testCase_04.reserveBooking(testCase_04.java:57)
at qtriptest.tests.testCase_04.TestCase04(testCase_04.java:30)
at java.base/java.util.ArrayList.forEach(ArrayList.java:1596)
... Removed 25 stack frames]]>
    </failure>
  </testcase> <!-- TestCase04 -->
  <testcase classname="qtriptest.tests.BaseTest" name="@AfterSuite tearDown" time="0.0">
    <ignored/>
  </testcase> <!-- @AfterSuite tearDown -->
  <testcase classname="qtriptest.tests.BaseTest" name="@AfterSuite tearDown" time="0.0">
    <ignored/>
  </testcase> <!-- @AfterSuite tearDown -->
  <testcase classname="qtriptest.tests.BaseTest" name="@AfterSuite tearDown" time="0.0">
    <ignored/>
  </testcase> <!-- @AfterSuite tearDown -->
  <testcase classname="qtriptest.tests.BaseTest" name="@AfterSuite tearDown" time="0.0">
    <ignored/>
  </testcase> <!-- @AfterSuite tearDown -->
  <testcase classname="qtriptest.tests.BaseTest" name="@BeforeSuite driverSetup" time="0.0">
    <ignored/>
  </testcase> <!-- @BeforeSuite driverSetup -->
  <testcase classname="qtriptest.tests.BaseTest" name="@BeforeSuite driverSetup" time="0.0">
    <ignored/>
  </testcase> <!-- @BeforeSuite driverSetup -->
  <testcase classname="qtriptest.tests.BaseTest" name="@BeforeSuite driverSetup" time="0.0">
    <ignored/>
  </testcase> <!-- @BeforeSuite driverSetup -->
  <testcase classname="qtriptest.tests.BaseTest" name="@BeforeSuite driverSetup" time="0.0">
    <ignored/>
  </testcase> <!-- @BeforeSuite driverSetup -->
</testsuite> <!-- Qtrip UI Test -->
